
> rest-express@1.0.0 dev
> NODE_ENV=development tsx server/index.ts

9:18:59 PM [express] serving on port 5001
Test users created successfully
Error fetching specialties: ErrorEvent {
  [Symbol(kTarget)]: WebSocket {
    _events: [Object: null prototype] {
      error: [Function],
      message: [Function],
      close: [Function],
      open: [Function]
    },
    _eventsCount: 4,
    _maxListeners: undefined,
    _binaryType: 'arraybuffer',
    _closeCode: 1006,
    _closeFrameReceived: false,
    _closeFrameSent: false,
    _closeMessage: <Buffer >,
    _closeTimer: null,
    _errorEmitted: true,
    _extensions: {},
    _paused: false,
    _protocol: '',
    _readyState: 3,
    _receiver: null,
    _sender: null,
    _socket: null,
    _bufferedAmount: 0,
    _isServer: false,
    _redirects: 0,
    _autoPong: true,
    _url: 'wss://localhost/v2',
    _req: null,
    [Symbol(shapeMode)]: false,
    [Symbol(kCapture)]: false
  },
  [Symbol(kType)]: 'error',
  [Symbol(kError)]: AggregateError [ECONNREFUSED]: 
      at internalConnectMultiple (node:net:1122:18)
      at afterConnectMultiple (node:net:1689:7) {
    code: 'ECONNREFUSED',
    [errors]: [ [Error], [Error] ]
  },
  [Symbol(kMessage)]: ''
}
9:23:46 PM [express] GET /api/specialties 500 in 35ms :: {"message":"Failed to fetch specialties"}
9:23:51 PM [express] POST /api/create-test-users 201 in 1ms :: {"message":"Test users created succes…
9:23:51 PM [express] GET /api/admin/stats 401 in 1ms :: {"message":"Unauthorized"}
9:23:58 PM [express] POST /api/login 400 in 1ms
9:23:58 PM [express] GET /api/admin/stats 401 in 0ms :: {"message":"Unauthorized"}
9:24:06 PM [express] POST /api/login 200 in 35ms :: {"id":1,"username":"admin","email":"admin@exampl…
Error fetching admin stats: ErrorEvent {
  [Symbol(kTarget)]: WebSocket {
    _events: [Object: null prototype] {
      error: [Function],
      message: [Function],
      close: [Function],
      open: [Function]
    },
    _eventsCount: 4,
    _maxListeners: undefined,
    _binaryType: 'arraybuffer',
    _closeCode: 1006,
    _closeFrameReceived: false,
    _closeFrameSent: false,
    _closeMessage: <Buffer >,
    _closeTimer: null,
    _errorEmitted: true,
    _extensions: {},
    _paused: false,
    _protocol: '',
    _readyState: 3,
    _receiver: null,
    _sender: null,
    _socket: null,
    _bufferedAmount: 0,
    _isServer: false,
    _redirects: 0,
    _autoPong: true,
    _url: 'wss://localhost/v2',
    _req: null,
    [Symbol(shapeMode)]: false,
    [Symbol(kCapture)]: false
  },
  [Symbol(kType)]: 'error',
  [Symbol(kError)]: AggregateError [ECONNREFUSED]: 
      at internalConnectMultiple (node:net:1122:18)
      at afterConnectMultiple (node:net:1689:7) {
    code: 'ECONNREFUSED',
    [errors]: [ [Error], [Error] ]
  },
  [Symbol(kMessage)]: ''
}
9:24:07 PM [express] GET /api/admin/stats 500 in 3ms :: {"message":"Failed to fetch admin stats"}
9:24:12 PM [express] GET /api/user 200 in 1ms :: {"id":1,"username":"admin","email":"admin@example.c…
9:24:12 PM [express] GET /api/admin/users 200 in 0ms :: [{"id":"1","firstName":"John","lastName":"Do…
9:24:12 PM [express] GET /api/jobs/available 500 in 3ms :: {"message":""}
9:24:17 PM [express] POST /api/logout 200 in 1ms
9:24:18 PM [express] POST /api/login 200 in 36ms :: {"id":2,"username":"client","email":"client@exam…
Error fetching client stats: ErrorEvent {
  [Symbol(kTarget)]: WebSocket {
    _events: [Object: null prototype] {
      error: [Function],
      message: [Function],
      close: [Function],
      open: [Function]
    },
    _eventsCount: 4,
    _maxListeners: undefined,
    _binaryType: 'arraybuffer',
    _closeCode: 1006,
    _closeFrameReceived: false,
    _closeFrameSent: false,
    _closeMessage: <Buffer >,
    _closeTimer: null,
    _errorEmitted: true,
    _extensions: {},
    _paused: false,
    _protocol: '',
    _readyState: 3,
    _receiver: null,
    _sender: null,
    _socket: null,
    _bufferedAmount: 0,
    _isServer: false,
    _redirects: 0,
    _autoPong: true,
    _url: 'wss://localhost/v2',
    _req: null,
    [Symbol(shapeMode)]: false,
    [Symbol(kCapture)]: false
  },
  [Symbol(kType)]: 'error',
  [Symbol(kError)]: AggregateError [ECONNREFUSED]: 
      at internalConnectMultiple (node:net:1122:18)
      at afterConnectMultiple (node:net:1689:7) {
    code: 'ECONNREFUSED',
    [errors]: [ [Error], [Error] ]
  },
  [Symbol(kMessage)]: ''
}
9:24:18 PM [express] GET /api/client/stats 500 in 3ms :: {"message":"Failed to fetch client stats"}
